<?xml version="1.0" encoding="UTF-8"?>
<!-- Generated by org.testng.reporters.JUnitXMLReporter -->
<testsuite ignored="0" hostname="DESKTOP-UF38K15" failures="1" tests="1" name="edgetest" time="1.522" errors="0" timestamp="2024-12-17T12:38:37 IST">
  <testcase classname="TestCases.Tc_LoginDataDrivenTest" name="VerifyDDT" time="0.0">
    <failure type="java.lang.RuntimeException" message="java.lang.NullPointerException: Cannot invoke &amp;quot;org.apache.poi.xssf.usermodel.XSSFSheet.getLastRowNum()&amp;quot; because &amp;quot;this.sheet&amp;quot; is null">
      <![CDATA[java.lang.RuntimeException: java.lang.NullPointerException: Cannot invoke "org.apache.poi.xssf.usermodel.XSSFSheet.getLastRowNum()" because "this.sheet" is null
at java.base/java.util.ArrayList.forEach(ArrayList.java:1597)
at java.base/java.util.concurrent.FutureTask.run(FutureTask.java:317)
at java.base/java.util.concurrent.ThreadPoolExecutor.runWorker(ThreadPoolExecutor.java:1144)
at java.base/java.util.concurrent.ThreadPoolExecutor$Worker.run(ThreadPoolExecutor.java:642)
at java.base/java.lang.Thread.run(Thread.java:1570)
Caused by: java.lang.NullPointerException: Cannot invoke "org.apache.poi.xssf.usermodel.XSSFSheet.getLastRowNum()" because "this.sheet" is null
at Utilities.ExcelUtility.getRowCount(ExcelUtility.java:37)
at Utilities.DataProviders.getData(DataProviders.java:15)
... 19 more
... Removed 20 stack frames]]>
    </failure>
  </testcase> <!-- VerifyDDT -->
</testsuite> <!-- edgetest -->
